TN:
SF:src/basicFunctions.ts
FN:10,add
FNF:1
FNH:1
FNDA:2,add
DA:1,1
DA:2,1
DA:3,1
DA:4,1
DA:5,1
DA:6,1
DA:7,1
DA:8,1
DA:9,1
DA:10,1
DA:11,2
DA:12,2
LF:12
LH:12
BRDA:10,0,0,2
BRF:1
BRH:1
end_of_record
TN:
SF:src/ejercicio/funciones.ts
FN:8,leerFunkos
FN:40,addFunko
FN:101,eliminarFunko
FN:159,listaFunkos
FN:179,mostrarFunko
FNF:5
FNH:5
FNDA:1,leerFunkos
FNDA:1,addFunko
FNDA:1,eliminarFunko
FNDA:1,listaFunkos
FNDA:2,mostrarFunko
DA:1,1
DA:2,1
DA:3,1
DA:4,1
DA:5,1
DA:6,1
DA:7,1
DA:8,1
DA:9,1
DA:10,1
DA:11,1
DA:12,1
DA:13,0
DA:14,0
DA:15,0
DA:16,1
DA:17,1
DA:18,1
DA:19,1
DA:20,0
DA:21,0
DA:22,0
DA:23,1
DA:24,1
DA:25,1
DA:26,1
DA:27,1
DA:28,1
DA:29,1
DA:30,1
DA:31,1
DA:32,1
DA:33,1
DA:34,1
DA:35,1
DA:36,1
DA:37,1
DA:38,1
DA:39,1
DA:40,1
DA:41,1
DA:42,1
DA:43,1
DA:44,1
DA:45,1
DA:46,0
DA:47,0
DA:48,0
DA:49,1
DA:50,1
DA:51,1
DA:52,0
DA:53,0
DA:54,0
DA:55,0
DA:56,1
DA:57,1
DA:58,1
DA:59,1
DA:60,0
DA:61,0
DA:62,0
DA:63,0
DA:64,0
DA:65,0
DA:66,0
DA:67,0
DA:68,0
DA:69,0
DA:70,0
DA:71,0
DA:72,0
DA:73,0
DA:74,0
DA:75,0
DA:76,0
DA:77,0
DA:78,1
DA:79,1
DA:80,0
DA:81,0
DA:82,0
DA:83,0
DA:84,1
DA:85,1
DA:86,1
DA:87,1
DA:88,1
DA:89,1
DA:90,0
DA:91,0
DA:92,1
DA:93,1
DA:94,1
DA:95,1
DA:96,1
DA:97,1
DA:98,1
DA:99,1
DA:100,1
DA:101,1
DA:102,1
DA:103,1
DA:104,1
DA:105,1
DA:106,0
DA:107,0
DA:108,0
DA:109,0
DA:110,1
DA:111,1
DA:112,0
DA:113,0
DA:114,0
DA:115,0
DA:116,1
DA:117,1
DA:118,1
DA:119,1
DA:120,1
DA:121,1
DA:122,1
DA:123,1
DA:124,0
DA:125,0
DA:126,0
DA:127,0
DA:128,1
DA:129,1
DA:130,1
DA:131,1
DA:132,1
DA:133,1
DA:134,1
DA:135,1
DA:136,1
DA:137,1
DA:138,0
DA:139,0
DA:140,1
DA:141,1
DA:142,1
DA:143,1
DA:144,0
DA:145,0
DA:146,0
DA:147,0
DA:148,1
DA:149,1
DA:150,1
DA:151,1
DA:152,1
DA:153,1
DA:154,1
DA:155,1
DA:156,1
DA:157,1
DA:158,1
DA:159,1
DA:160,1
DA:161,1
DA:162,0
DA:163,0
DA:164,0
DA:165,1
DA:166,0
DA:167,0
DA:168,0
DA:169,0
DA:170,1
DA:171,1
DA:172,1
DA:173,1
DA:174,1
DA:175,1
DA:176,1
DA:177,1
DA:178,1
DA:179,1
DA:180,2
DA:181,2
DA:182,2
DA:183,2
DA:184,2
DA:185,2
DA:186,0
DA:187,0
DA:188,0
DA:189,2
DA:190,2
DA:191,2
DA:192,2
DA:193,2
DA:194,0
DA:195,0
DA:196,0
DA:197,2
DA:198,2
DA:199,2
DA:200,2
DA:201,0
DA:202,0
DA:203,0
DA:204,2
DA:205,2
DA:206,1
DA:207,1
DA:208,1
DA:209,2
DA:210,2
DA:211,2
DA:212,1
DA:213,1
DA:214,1
DA:215,1
DA:216,1
DA:217,1
DA:218,2
DA:219,2
DA:220,2
DA:221,2
DA:222,2
LF:222
LH:151
BRDA:8,0,0,1
BRDA:11,1,0,1
BRDA:12,2,0,0
BRDA:16,3,0,1
BRDA:17,4,0,1
BRDA:18,5,0,1
BRDA:19,6,0,0
BRDA:28,7,0,1
BRDA:29,8,0,1
BRDA:40,9,0,1
BRDA:45,10,0,0
BRDA:50,11,0,1
BRDA:51,12,0,0
BRDA:59,13,0,0
BRDA:79,14,0,0
BRDA:88,15,0,1
BRDA:89,16,0,0
BRDA:101,17,0,1
BRDA:105,18,0,0
BRDA:110,19,0,1
BRDA:111,20,0,0
BRDA:121,21,0,1
BRDA:122,22,0,1
BRDA:123,23,0,0
BRDA:137,24,0,0
BRDA:142,25,0,1
BRDA:143,26,0,0
BRDA:159,27,0,1
BRDA:160,28,0,1
BRDA:161,29,0,0
BRDA:165,30,0,0
BRDA:171,31,0,1
BRDA:179,32,0,2
BRDA:185,33,0,0
BRDA:192,34,0,2
BRDA:193,35,0,0
BRDA:198,36,0,2
BRDA:199,37,0,2
BRDA:200,38,0,0
BRDA:205,39,0,1
BRDA:205,40,0,1
BRDA:211,41,0,1
BRF:42
BRH:25
end_of_record
TN:
SF:src/ejercicio/funko.ts
FN:17,<instance_members_initializer>
FN:43,Funko
FN:59,get getID
FN:66,set setID
FN:73,get getNombre
FN:80,set setNombre
FN:87,get getDescripcion
FN:94,set setDescripcion
FN:101,get getTipo
FN:108,set setTipo
FN:115,get getGenero
FN:122,set setGenero
FN:129,get getFranquicia
FN:136,set setFranquicia
FN:143,get getNumero
FN:150,set setNumero
FN:157,get getExclusivo
FN:164,set setExclusivo
FN:171,get getCaracteristicasEspeciales
FN:178,set setCaracteristicasEspeciales
FN:185,get getValorMercado
FN:192,set setValorMercado
FNF:22
FNH:22
FNDA:6,<instance_members_initializer>
FNDA:6,Funko
FNDA:3,get getID
FNDA:1,set setID
FNDA:3,get getNombre
FNDA:1,set setNombre
FNDA:2,get getDescripcion
FNDA:1,set setDescripcion
FNDA:2,get getTipo
FNDA:1,set setTipo
FNDA:2,get getGenero
FNDA:1,set setGenero
FNDA:2,get getFranquicia
FNDA:1,set setFranquicia
FNDA:2,get getNumero
FNDA:1,set setNumero
FNDA:2,get getExclusivo
FNDA:1,set setExclusivo
FNDA:2,get getCaracteristicasEspeciales
FNDA:1,set setCaracteristicasEspeciales
FNDA:2,get getValorMercado
FNDA:1,set setValorMercado
DA:1,1
DA:2,1
DA:3,1
DA:4,1
DA:5,1
DA:6,1
DA:7,1
DA:8,1
DA:9,1
DA:10,1
DA:11,1
DA:12,1
DA:13,1
DA:14,1
DA:15,1
DA:16,1
DA:17,1
DA:18,6
DA:19,6
DA:20,6
DA:21,6
DA:22,6
DA:23,6
DA:24,6
DA:25,6
DA:26,6
DA:27,6
DA:28,6
DA:29,6
DA:30,6
DA:31,6
DA:32,6
DA:33,6
DA:34,6
DA:35,6
DA:36,6
DA:37,6
DA:38,6
DA:39,6
DA:40,6
DA:41,6
DA:42,6
DA:43,6
DA:44,6
DA:45,6
DA:46,6
DA:47,6
DA:48,6
DA:49,6
DA:50,6
DA:51,6
DA:52,6
DA:53,6
DA:54,6
DA:55,6
DA:56,6
DA:57,6
DA:58,6
DA:59,6
DA:60,3
DA:61,3
DA:62,6
DA:63,6
DA:64,6
DA:65,6
DA:66,6
DA:67,1
DA:68,1
DA:69,6
DA:70,6
DA:71,6
DA:72,6
DA:73,6
DA:74,3
DA:75,3
DA:76,6
DA:77,6
DA:78,6
DA:79,6
DA:80,6
DA:81,1
DA:82,1
DA:83,6
DA:84,6
DA:85,6
DA:86,6
DA:87,6
DA:88,2
DA:89,2
DA:90,6
DA:91,6
DA:92,6
DA:93,6
DA:94,6
DA:95,1
DA:96,1
DA:97,6
DA:98,6
DA:99,6
DA:100,6
DA:101,6
DA:102,2
DA:103,2
DA:104,6
DA:105,6
DA:106,6
DA:107,6
DA:108,6
DA:109,1
DA:110,1
DA:111,6
DA:112,6
DA:113,6
DA:114,6
DA:115,6
DA:116,2
DA:117,2
DA:118,6
DA:119,6
DA:120,6
DA:121,6
DA:122,6
DA:123,1
DA:124,1
DA:125,6
DA:126,6
DA:127,6
DA:128,6
DA:129,6
DA:130,2
DA:131,2
DA:132,6
DA:133,6
DA:134,6
DA:135,6
DA:136,6
DA:137,1
DA:138,1
DA:139,6
DA:140,6
DA:141,6
DA:142,6
DA:143,6
DA:144,2
DA:145,2
DA:146,6
DA:147,6
DA:148,6
DA:149,6
DA:150,6
DA:151,1
DA:152,1
DA:153,6
DA:154,6
DA:155,6
DA:156,6
DA:157,6
DA:158,2
DA:159,2
DA:160,6
DA:161,6
DA:162,6
DA:163,6
DA:164,6
DA:165,1
DA:166,1
DA:167,6
DA:168,6
DA:169,6
DA:170,6
DA:171,6
DA:172,2
DA:173,2
DA:174,6
DA:175,6
DA:176,6
DA:177,6
DA:178,6
DA:179,1
DA:180,1
DA:181,6
DA:182,6
DA:183,6
DA:184,6
DA:185,6
DA:186,2
DA:187,2
DA:188,6
DA:189,6
DA:190,6
DA:191,6
DA:192,6
DA:193,1
DA:194,1
DA:195,6
DA:196,6
LF:196
LH:196
BRDA:17,0,0,6
BRDA:43,1,0,6
BRDA:59,2,0,3
BRDA:66,3,0,1
BRDA:73,4,0,3
BRDA:80,5,0,1
BRDA:87,6,0,2
BRDA:94,7,0,1
BRDA:101,8,0,2
BRDA:108,9,0,1
BRDA:115,10,0,2
BRDA:122,11,0,1
BRDA:129,12,0,2
BRDA:136,13,0,1
BRDA:143,14,0,2
BRDA:150,15,0,1
BRDA:157,16,0,2
BRDA:164,17,0,1
BRDA:171,18,0,2
BRDA:178,19,0,1
BRDA:185,20,0,2
BRDA:192,21,0,1
BRF:22
BRH:22
end_of_record
TN:
SF:src/ejercicio/types.ts
FNF:0
FNH:0
DA:1,1
DA:2,1
DA:3,1
DA:4,1
DA:5,1
DA:6,1
DA:7,1
DA:8,1
DA:9,1
DA:10,1
DA:11,1
DA:12,1
DA:13,1
DA:14,1
DA:15,1
DA:16,1
DA:17,1
DA:18,1
DA:19,1
DA:20,1
DA:21,1
DA:22,1
DA:23,1
DA:24,1
DA:25,1
DA:26,1
DA:27,1
DA:28,1
DA:29,1
DA:30,1
DA:31,1
DA:32,1
DA:33,1
DA:34,1
DA:35,1
DA:36,1
DA:37,1
DA:38,1
DA:39,1
DA:40,1
DA:41,1
DA:42,1
DA:43,1
DA:44,1
DA:45,1
LF:45
LH:45
BRDA:6,0,0,1
BRDA:17,1,0,1
BRF:2
BRH:2
end_of_record
